<?xml version="1.0" encoding="UTF-8"?>
<testsuite xmlns:xsi="http://www.w3.org/2001/XMLSchema-instance" xsi:noNamespaceSchemaLocation="https://maven.apache.org/surefire/maven-surefire-plugin/xsd/surefire-test-report-3.0.xsd" version="3.0" name="com.example.demo.UserControllerTest" time="2.182" tests="8" errors="0" skipped="0" failures="0">
  <properties>
[...]
</properties>
  <testcase name="testGetBirthday_HappyBirthday" classname="com.example.demo.UserControllerTest" time="1.807">
    <system-out><![CDATA[18:52:02.082 [main] INFO com.example.demo.UserController -- Get a hello birthday message
]]></system-out>
  </testcase>
  <testcase name="testGetBirthday_PastBirthday" classname="com.example.demo.UserControllerTest" time="0.015">
    <system-out><![CDATA[18:52:02.160 [main] INFO com.example.demo.UserController -- Get a hello birthday message
]]></system-out>
  </testcase>
  <testcase name="testSaveUser_FutureDateOfBirth" classname="com.example.demo.UserControllerTest" time="0.016">
    <system-out><![CDATA[18:52:02.191 [main] INFO com.example.demo.UserController -- Save/Update given user
18:52:02.191 [main] ERROR com.example.demo.UserController --  InvalidDateException : Invalid date, must be a date before today date
]]></system-out>
  </testcase>
  <testcase name="testGetBirthday_UserNotFound" classname="com.example.demo.UserControllerTest" time="0.031">
    <system-out><![CDATA[18:52:02.207 [main] INFO com.example.demo.UserController -- Get a hello birthday message
18:52:02.207 [main] ERROR com.example.demo.UserController --  UserNotFoundException Name not found :: NonExistingUser
]]></system-out>
  </testcase>
  <testcase name="testSaveUser_UpdateExistingUser" classname="com.example.demo.UserControllerTest" time="0.016">
    <system-out><![CDATA[18:52:02.222 [main] INFO com.example.demo.UserController -- Save/Update given user
]]></system-out>
  </testcase>
  <testcase name="testSaveUser_ValidInput" classname="com.example.demo.UserControllerTest" time="0.015">
    <system-out><![CDATA[18:52:02.253 [main] INFO com.example.demo.UserController -- Save/Update given user
]]></system-out>
  </testcase>
  <testcase name="testGetBirthday_UpcomingBirthday" classname="com.example.demo.UserControllerTest" time="0.016">
    <system-out><![CDATA[18:52:02.253 [main] INFO com.example.demo.UserController -- Get a hello birthday message
]]></system-out>
  </testcase>
  <testcase name="testSaveUser_InvalidDateFormat" classname="com.example.demo.UserControllerTest" time="0">
    <system-out><![CDATA[18:52:02.269 [main] INFO com.example.demo.UserController -- Save/Update given user
18:52:02.269 [main] ERROR com.example.demo.UserController --  InvalidDateException : Invalid date, please use format yyyy-MM-dd
]]></system-out>
  </testcase>
</testsuite>